#
# There is insufficient memory for the Java Runtime Environment to continue.
# Native memory allocation (malloc) failed to allocate 4092 bytes for AllocateHeap
# Possible reasons:
#   The system is out of physical RAM or swap space
#   In 32 bit mode, the process size limit was hit
# Possible solutions:
#   Reduce memory load on the system
#   Increase physical memory or swap space
#   Check if swap backing store is full
#   Use 64 bit Java on a 64 bit OS
#   Decrease Java heap size (-Xmx/-Xms)
#   Decrease number of Java threads
#   Decrease Java thread stack sizes (-Xss)
#   Set larger code cache with -XX:ReservedCodeCacheSize=
# This output file may be truncated or incomplete.
#
#  Out of Memory Error (memory/allocation.inline.hpp:61), pid=6212, tid=1340
#
# JRE version: Java(TM) SE Runtime Environment (8.0_91-b15) (build 1.8.0_91-b15)
# Java VM: Java HotSpot(TM) Client VM (25.91-b15 mixed mode windows-x86 )
# Failed to write core dump. Minidumps are not enabled by default on client versions of Windows
#

---------------  T H R E A D  ---------------

Current thread (0x441de800):  VMThread [stack: 0x44520000,0x44570000] [id=1340]

Stack: [0x44520000,0x44570000],  sp=0x4456eaac,  free space=314k
Native frames: (J=compiled Java code, j=interpreted, Vv=VM code, C=native code)
V  [jvm.dll+0x1a885b]
V  [jvm.dll+0x1a1168]
V  [jvm.dll+0x93add]
V  [jvm.dll+0xb9d2f]
V  [jvm.dll+0xbeff5]
V  [jvm.dll+0x1b3e31]
V  [jvm.dll+0x1b402c]
V  [jvm.dll+0x178f93]
V  [jvm.dll+0x177aca]
V  [jvm.dll+0x976d0]
V  [jvm.dll+0x989c1]
V  [jvm.dll+0x9a710]
V  [jvm.dll+0x9ab79]
V  [jvm.dll+0x9996f]
V  [jvm.dll+0xa5c42]
V  [jvm.dll+0x98593]
V  [jvm.dll+0x924c5]
V  [jvm.dll+0x1b7246]
V  [jvm.dll+0x181a5b]
V  [jvm.dll+0x180e71]
V  [jvm.dll+0x181287]
V  [jvm.dll+0x181482]
V  [jvm.dll+0x1c0fd6]
C  [msvcr100.dll+0x10fac]
C  [msvcr100.dll+0x110b1]
C  [kernel32.dll+0x4ee6c]
C  [ntdll.dll+0x63a03]
C  [ntdll.dll+0x639d6]

VM_Operation (0x4496f14c): GenCollectForAllocation, mode: safepoint, requested by thread 0x44379000


---------------  P R O C E S S  ---------------

Java Threads: ( => current thread )
  0x44379000 JavaThread "pool-1-thread-1" [_thread_blocked, id=7704, stack(0x44920000,0x44970000)]
  0x44237000 JavaThread "Service Thread" daemon [_thread_blocked, id=1972, stack(0x44680000,0x446d0000)]
  0x44223000 JavaThread "C1 CompilerThread0" daemon [_thread_blocked, id=4988, stack(0x444a0000,0x444f0000)]
  0x44222000 JavaThread "Attach Listener" daemon [_thread_blocked, id=7648, stack(0x447b0000,0x44800000)]
  0x4421f000 JavaThread "Signal Dispatcher" daemon [_thread_blocked, id=2076, stack(0x446d0000,0x44720000)]
  0x44207c00 JavaThread "Finalizer" daemon [_thread_blocked, id=1872, stack(0x44630000,0x44680000)]
  0x441e5c00 JavaThread "Reference Handler" daemon [_thread_blocked, id=6108, stack(0x445d0000,0x44620000)]
  0x004fc800 JavaThread "main" [_thread_blocked, id=3260, stack(0x01530000,0x01580000)]

Other Threads:
=>0x441de800 VMThread [stack: 0x44520000,0x44570000] [id=1340]
  0x44245400 WatcherThread [stack: 0x44830000,0x44880000] [id=3272]

VM state:at safepoint (normal execution)

VM Mutex/Monitor currently owned by a thread:  ([mutex/lock_event])
[0x004fa708] Threads_lock - owner thread: 0x441de800
[0x004fab18] Heap_lock - owner thread: 0x44379000

Heap:
 def new generation   total 7936K, used 7936K [0x03a00000, 0x04290000, 0x18f50000)
  eden space 7104K, 100% used [0x03a00000, 0x040f0000, 0x040f0000)
  from space 832K, 100% used [0x040f0000, 0x041c0000, 0x041c0000)
  to   space 832K, 100% used [0x041c0000, 0x04290000, 0x04290000)
 tenured generation   total 17980K, used 17979K [0x18f50000, 0x1a0df000, 0x43a00000)
   the space 17980K,  99% used [0x18f50000, 0x1a0deff8, 0x1a0df000, 0x1a0df000)
 Metaspace       used 3553K, capacity 3566K, committed 3648K, reserved 4480K

Card table byte_map: [0x43a00000,0x43c10000] byte_map_base: 0x439e3000

Polling page: 0x004c0000

CodeCache: size=32768Kb used=2299Kb max_used=2299Kb free=30468Kb
 bounds [0x019d0000, 0x01c10000, 0x039d0000]
 total_blobs=1059 nmethods=912 adapters=77
 compilation: disabled (not enough contiguous free space left)

Compilation events (10 events):
Event: 5.585 Thread 0x44223000  911  s          com.android.dx.dex.file.StringIdsSection::intern (53 bytes)
Event: 5.585 Thread 0x44223000 nmethod 911 0x01c0dfc8 code [0x01c0e110, 0x01c0e4b0]
Event: 5.585 Thread 0x44223000  912             com.android.dx.dex.file.StringIdItem::getValue (5 bytes)
Event: 5.586 Thread 0x44223000 nmethod 912 0x01c0e748 code [0x01c0e840, 0x01c0e8c0]
Event: 5.712 Thread 0x44223000  913             com.android.dx.cf.code.ConcreteMethod::getLocalVariables (5 bytes)
Event: 5.712 Thread 0x44223000 nmethod 913 0x01c0e908 code [0x01c0ea00, 0x01c0ea80]
Event: 5.714 Thread 0x44223000  914             com.android.dx.ssa.back.FirstFitLocalCombiningAllocator::handlePhiInsns (36 bytes)
Event: 5.714 Thread 0x44223000 nmethod 914 0x01c0eac8 code [0x01c0ebe0, 0x01c0ed58]
Event: 5.728 Thread 0x44223000  915             com.android.dx.ssa.back.RegisterAllocator::insertMoveBefore (240 bytes)
Event: 5.730 Thread 0x44223000 


GC Heap History (10 events):
Event: 4.924 GC heap after
Heap after GC invocations=19 (full 1):
 def new generation   total 7936K, used 832K [0x03a00000, 0x04290000, 0x18f50000)
  eden space 7104K,   0% used [0x03a00000, 0x03a00000, 0x040f0000)
  from space 832K, 100% used [0x041c0000, 0x04290000, 0x04290000)
  to   space 832K,   0% used [0x040f0000, 0x040f0000, 0x041c0000)
 tenured generation   total 17372K, used 12555K [0x18f50000, 0x1a047000, 0x43a00000)
   the space 17372K,  72% used [0x18f50000, 0x19b92cb0, 0x19b92e00, 0x1a047000)
 Metaspace       used 3467K, capacity 3502K, committed 3520K, reserved 4480K
}
Event: 5.463 GC heap before
{Heap before GC invocations=19 (full 1):
 def new generation   total 7936K, used 7936K [0x03a00000, 0x04290000, 0x18f50000)
  eden space 7104K, 100% used [0x03a00000, 0x040f0000, 0x040f0000)
  from space 832K, 100% used [0x041c0000, 0x04290000, 0x04290000)
  to   space 832K,   0% used [0x040f0000, 0x040f0000, 0x041c0000)
 tenured generation   total 17372K, used 12555K [0x18f50000, 0x1a047000, 0x43a00000)
   the space 17372K,  72% used [0x18f50000, 0x19b92cb0, 0x19b92e00, 0x1a047000)
 Metaspace       used 3467K, capacity 3502K, committed 3520K, reserved 4480K
Event: 5.474 GC heap after
Heap after GC invocations=20 (full 1):
 def new generation   total 7936K, used 831K [0x03a00000, 0x04290000, 0x18f50000)
  eden space 7104K,   0% used [0x03a00000, 0x03a00000, 0x040f0000)
  from space 832K,  99% used [0x040f0000, 0x041bfff8, 0x041c0000)
  to   space 832K,   0% used [0x041c0000, 0x041c0000, 0x04290000)
 tenured generation   total 17372K, used 13777K [0x18f50000, 0x1a047000, 0x43a00000)
   the space 17372K,  79% used [0x18f50000, 0x19cc46a0, 0x19cc4800, 0x1a047000)
 Metaspace       used 3467K, capacity 3502K, committed 3520K, reserved 4480K
}
Event: 5.564 GC heap before
{Heap before GC invocations=20 (full 1):
 def new generation   total 7936K, used 7935K [0x03a00000, 0x04290000, 0x18f50000)
  eden space 7104K, 100% used [0x03a00000, 0x040f0000, 0x040f0000)
  from space 832K,  99% used [0x040f0000, 0x041bfff8, 0x041c0000)
  to   space 832K,   0% used [0x041c0000, 0x041c0000, 0x04290000)
 tenured generation   total 17372K, used 13777K [0x18f50000, 0x1a047000, 0x43a00000)
   the space 17372K,  79% used [0x18f50000, 0x19cc46a0, 0x19cc4800, 0x1a047000)
 Metaspace       used 3467K, capacity 3502K, committed 3520K, reserved 4480K
Event: 5.574 GC heap after
Heap after GC invocations=21 (full 1):
 def new generation   total 7936K, used 832K [0x03a00000, 0x04290000, 0x18f50000)
  eden space 7104K,   0% used [0x03a00000, 0x03a00000, 0x040f0000)
  from space 832K, 100% used [0x041c0000, 0x04290000, 0x04290000)
  to   space 832K,   0% used [0x040f0000, 0x040f0000, 0x041c0000)
 tenured generation   total 17372K, used 14544K [0x18f50000, 0x1a047000, 0x43a00000)
   the space 17372K,  83% used [0x18f50000, 0x19d84398, 0x19d84400, 0x1a047000)
 Metaspace       used 3467K, capacity 3502K, committed 3520K, reserved 4480K
}
Event: 5.799 GC heap before
{Heap before GC invocations=21 (full 1):
 def new generation   total 7936K, used 7936K [0x03a00000, 0x04290000, 0x18f50000)
  eden space 7104K, 100% used [0x03a00000, 0x040f0000, 0x040f0000)
  from space 832K, 100% used [0x041c0000, 0x04290000, 0x04290000)
  to   space 832K,   0% used [0x040f0000, 0x040f0000, 0x041c0000)
 tenured generation   total 17372K, used 14544K [0x18f50000, 0x1a047000, 0x43a00000)
   the space 17372K,  83% used [0x18f50000, 0x19d84398, 0x19d84400, 0x1a047000)
 Metaspace       used 3467K, capacity 3502K, committed 3520K, reserved 4480K
Event: 5.808 GC heap after
Heap after GC invocations=22 (full 1):
 def new generation   total 7936K, used 831K [0x03a00000, 0x04290000, 0x18f50000)
  eden space 7104K,   0% used [0x03a00000, 0x03a00000, 0x040f0000)
  from space 832K,  99% used [0x040f0000, 0x041bfff8, 0x041c0000)
  to   space 832K,   0% used [0x041c0000, 0x041c0000, 0x04290000)
 tenured generation   total 17372K, used 15602K [0x18f50000, 0x1a047000, 0x43a00000)
   the space 17372K,  89% used [0x18f50000, 0x19e8c940, 0x19e8ca00, 0x1a047000)
 Metaspace       used 3467K, capacity 3502K, committed 3520K, reserved 4480K
}
Event: 5.892 GC heap before
{Heap before GC invocations=22 (full 1):
 def new generation   total 7936K, used 7935K [0x03a00000, 0x04290000, 0x18f50000)
  eden space 7104K, 100% used [0x03a00000, 0x040f0000, 0x040f0000)
  from space 832K,  99% used [0x040f0000, 0x041bfff8, 0x041c0000)
  to   space 832K,   0% used [0x041c0000, 0x041c0000, 0x04290000)
 tenured generation   total 17372K, used 15602K [0x18f50000, 0x1a047000, 0x43a00000)
   the space 17372K,  89% used [0x18f50000, 0x19e8c940, 0x19e8ca00, 0x1a047000)
 Metaspace       used 3467K, capacity 3502K, committed 3520K, reserved 4480K
Event: 5.902 GC heap after
Heap after GC invocations=23 (full 1):
 def new generation   total 7936K, used 832K [0x03a00000, 0x04290000, 0x18f50000)
  eden space 7104K,   0% used [0x03a00000, 0x03a00000, 0x040f0000)
  from space 832K, 100% used [0x041c0000, 0x04290000, 0x04290000)
  to   space 832K,   0% used [0x040f0000, 0x040f0000, 0x041c0000)
 tenured generation   total 17372K, used 16665K [0x18f50000, 0x1a047000, 0x43a00000)
   the space 17372K,  95% used [0x18f50000, 0x19f964a0, 0x19f96600, 0x1a047000)
 Metaspace       used 3467K, capacity 3502K, committed 3520K, reserved 4480K
}
Event: 6.352 GC heap before
{Heap before GC invocations=23 (full 1):
 def new generation   total 7936K, used 7936K [0x03a00000, 0x04290000, 0x18f50000)
  eden space 7104K, 100% used [0x03a00000, 0x040f0000, 0x040f0000)
  from space 832K, 100% used [0x041c0000, 0x04290000, 0x04290000)
  to   space 832K,   0% used [0x040f0000, 0x040f0000, 0x041c0000)
 tenured generation   total 17372K, used 16665K [0x18f50000, 0x1a047000, 0x43a00000)
   the space 17372K,  95% used [0x18f50000, 0x19f964a0, 0x19f96600, 0x1a047000)
 Metaspace       used 3553K, capacity 3566K, committed 3648K, reserved 4480K

Deoptimization events (0 events):
No events

Internal exceptions (5 events):
Event: 0.300 Thread 0x004fc800 Exception <a 'java/lang/NoSuchMethodError': Method sun.misc.Unsafe.defineClass(Ljava/lang/String;[BII)Ljava/lang/Class; name or signature does not match> (0x03a06ea8) thrown at [C:\re\workspace\8-2-build-windows-i586-cygwin\jdk8u91\7017\hotspot\src\share\v§Àù¢G-”?
Event: 0.300 Thread 0x004fc800 Exception <a 'java/lang/NoSuchMethodError': Method sun.misc.Unsafe.prefetchRead(Ljava/lang/Object;J)V name or signature does not match> (0x03a07178) thrown at [C:\re\workspace\8-2-build-windows-i586-cygwin\jdk8u91\7017\hotspot\src\share\vm\prims\jni.cpp, lkπ†ßçÊ@
Event: 2.988 Thread 0x443b4c00 Exception <a 'java/lang/ArrayIndexOutOfBoundsException': 18> (0x03c92668) thrown at [C:\re\workspace\8-2-build-windows-i586-cygwin\jdk8u91\7017\hotspot\src\share\vm\interpreter\interpreterRuntime.cpp, line 366]
Event: 2.989 Thread 0x443b4c00 Exception <a 'java/lang/ArrayIndexOutOfBoundsException': 145> (0x03c93f08) thrown at [C:\re\workspace\8-2-build-windows-i586-cygwin\jdk8u91\7017\hotspot\src\share\vm\interpreter\interpreterRuntime.cpp, line 366]
Event: 2.991 Thread 0x443b4c00 Exception <a 'java/lang/ArrayIndexOutOfBoundsException': 40> (0x03c94fe8) thrown at [C:\re\workspace\8-2-build-windows-i586-cygwin\jdk8u91\7017\hotspot\src\share\vm\interpreter\interpreterRuntime.cpp, line 366]

Events (10 events):
Event: 6.067 loading class com/android/dx/dex/code/CatchTable done
Event: 6.071 loading class com/android/dx/dex/code/CatchHandlerList$Entry
Event: 6.071 loading class com/android/dx/dex/code/CatchHandlerList$Entry done
Event: 6.072 loading class com/android/dx/dex/code/CatchTable$Entry
Event: 6.072 loading class com/android/dx/dex/code/CatchTable$Entry done
Event: 6.073 loading class com/android/dx/util/ByteArrayAnnotatedOutput
Event: 6.073 loading class com/android/dx/util/ByteArrayAnnotatedOutput done
Event: 6.151 loading class com/android/dx/rop/code/RegisterSpecList$Expander
Event: 6.151 loading class com/android/dx/rop/code/RegisterSpecList$Expander done
Event: 6.352 Executing VM operation: GenCollectForAllocation


Dynamic libraries:
0x00230000 - 0x00263000 	C:\Program Files\Java\jdk1.8.0_91\bin\java.exe
0x77ac0000 - 0x77c01000 	C:\Windows\SYSTEM32\ntdll.dll
0x77890000 - 0x77964000 	C:\Windows\system32\kernel32.dll
0x75c00000 - 0x75c4b000 	C:\Windows\system32\KERNELBASE.dll
0x76a20000 - 0x76ac1000 	C:\Windows\system32\ADVAPI32.dll
0x76ad0000 - 0x76b7c000 	C:\Windows\system32\msvcrt.dll
0x77cf0000 - 0x77d09000 	C:\Windows\SYSTEM32\sechost.dll
0x76b80000 - 0x76c22000 	C:\Windows\system32\RPCRT4.dll
0x76f80000 - 0x77049000 	C:\Windows\system32\USER32.dll
0x77ca0000 - 0x77cee000 	C:\Windows\system32\GDI32.dll
0x77c90000 - 0x77c9a000 	C:\Windows\system32\LPK.dll
0x76c30000 - 0x76ccd000 	C:\Windows\system32\USP10.dll
0x749d0000 - 0x74b6e000 	C:\Windows\WinSxS\x86_microsoft.windows.common-controls_6595b64144ccf1df_6.0.7601.18837_none_41e855142bd5705d\COMCTL32.dll
0x76ef0000 - 0x76f47000 	C:\Windows\system32\SHLWAPI.dll
0x77c70000 - 0x77c8f000 	C:\Windows\system32\IMM32.DLL
0x771d0000 - 0x7729c000 	C:\Windows\system32\MSCTF.dll
0x68730000 - 0x687ed000 	C:\Program Files\Java\jdk1.8.0_91\jre\bin\msvcr100.dll
0x539c0000 - 0x53d8a000 	C:\Program Files\Java\jdk1.8.0_91\jre\bin\client\jvm.dll
0x70f20000 - 0x70f27000 	C:\Windows\system32\WSOCK32.dll
0x77c10000 - 0x77c45000 	C:\Windows\system32\WS2_32.dll
0x77c60000 - 0x77c66000 	C:\Windows\system32\NSI.dll
0x74180000 - 0x741b2000 	C:\Windows\system32\WINMM.dll
0x74f40000 - 0x74f49000 	C:\Windows\system32\VERSION.dll
0x77c50000 - 0x77c55000 	C:\Windows\system32\PSAPI.DLL
0x747e0000 - 0x747ec000 	C:\Program Files\Java\jdk1.8.0_91\jre\bin\verify.dll
0x71560000 - 0x71581000 	C:\Program Files\Java\jdk1.8.0_91\jre\bin\java.dll
0x71870000 - 0x71883000 	C:\Program Files\Java\jdk1.8.0_91\jre\bin\zip.dll
0x75dd0000 - 0x76a1b000 	C:\Windows\system32\SHELL32.dll
0x77540000 - 0x7769c000 	C:\Windows\system32\ole32.dll
0x75aa0000 - 0x75aab000 	C:\Windows\system32\profapi.dll
0x6d820000 - 0x6d90b000 	C:\Windows\system32\dbghelp.dll

VM Arguments:
jvm_args: -Djava.awt.headless=true -Xmx1024M -Dfile.encoding=windows-1252 -Duser.country=US -Duser.language=en -Duser.variant 
java_command: com.android.dx.command.Main --dex --force-jumbo --num-threads=4 --multi-dex --output C:\Users\Benta\AndroidStudioProjects\CoretecContacts-2016-07-23\CoretecContacts\app\build\intermediates\transforms\dex\debug\folders\1000\10\com.google.android.gms-play-services-cast-framework-9.2.1_09eec71c620cb90cdbd0813d5b3a1974f2dc9d84 C:\Users\Benta\AndroidStudioProjects\CoretecContacts-2016-07-23\CoretecContacts\app\build\intermediates\exploded-aar\com.google.android.gms\play-services-cast-framework\9.2.1\jars\classes.jar
java_class_path (initial): E:\Android\SDK\build-tools\23.0.3\lib\dx.jar
Launcher Type: SUN_STANDARD

Environment Variables:
JAVA_HOME=C:\Program Files\Java\jdk1.8.0_91
JRE_HOME=C:\Program Files\Java\jdk1.8.0_91\jre
CLASSPATH=.;C:\Program Files\Java\jre7\lib\ext\QTJava.zip;C:\MinGW
PATH=C:\Program Files\Java\jdk1.7.0_67\bin;C:\Program Files\Skype\Phone\;C:\Program Files\Microsoft\Web Platform Installer\;c:\Program Files\Microsoft SQL Server\100\Tools\Binn\;c:\Program Files\Microsoft SQL Server\100\DTS\Binn\;C:\Program Files\Microsoft SQL Server\110\Tools\Binn\;C:\Program Files\Microsoft SQL Server\110\DTS\Binn\;C:\Program Files\Microsoft SQL Server\110\Tools\Binn\ManagementStudio\;C:\Program Files\Windows Kits\8.0\Windows Performance Toolkit\;E:\JRE\bin;C:\Users\Benta\AppData\Roaming\npm;C:\Program Files\Java\jre7\bin
USERNAME=Noel
OS=Windows_NT
PROCESSOR_IDENTIFIER=x86 Family 6 Model 23 Stepping 10, GenuineIntel



---------------  S Y S T E M  ---------------

OS: Windows 7 Build 7601 (6.1.7601.18847)

CPU:total 2 (2 cores per cpu, 1 threads per core) family 6 model 23 stepping 10, cmov, cx8, fxsr, mmx, sse, sse2, sse3, ssse3, tsc

Memory: 4k page, physical 2026688k(220008k free), swap 3287868k(5020k free)

vm_info: Java HotSpot(TM) Client VM (25.91-b15) for windows-x86 JRE (1.8.0_91-b15), built on May 20 2016 17:33:18 by "java_re" with MS VC++ 10.0 (VS2010)

time: Sun Jul 24 23:58:40 2016
elapsed time: 47 seconds (0d 0h 0m 47s)

